[Appium] Welcome to Appium v1.7.2
[Appium] Non-default server args:
[Appium]   port: 50608
[Appium]   loglevel: info
[Appium]   chromeDriverPort: 50609
[Appium]   tmpDir: C:\Users\BHARTI~1.GAR\AppData\Local\Temp\\Katalon\Appium\Temp1522302292485
[Appium] Appium REST http interface listener started on 0.0.0.0:50608
[HTTP] --> GET /wd/hub/status {}
[HTTP] <-- GET /wd/hub/status 200 18 ms - 72 
[HTTP] --> GET /wd/hub/status {}
[HTTP] <-- GET /wd/hub/status 200 8 ms - 72 
[HTTP] --> POST /wd/hub/session {"desiredCapabilities":{"app":"E:\\SCM.apk","appWaitActivity":"com.*","autoGrantPermissions":true,"deviceId":"","deviceName":"samsung GT-I9500 (Android 5.0.1)","fullReset":false,"newCommandTimeout":1800,"noReset":true,"platform":"ANDROID","platformName":"Android","udid":"4d00c4b5b0a160b9"},"capabilities":{"desiredCapabilities":{"app":"E:\\SCM.apk","appWaitActivity":"com.*","autoGrantPermissions":true,"deviceId":"","deviceName":"samsung GT-I9500 (Android 5.0.1)","fullReset":false,"newCommandTimeout":1800,"noReset":true,"platform":"ANDROID","platformName":"Android","udid":"4d00c4b5b0a160b9"},"firstMatch":[{"platformName":"android"}]}}
[Appium] Merged W3C capabilities {"desiredCapabilities":{"app":"E:\\SCM.apk","ap... into desiredCapabilities object {"app":"E:\\SCM.apk","appWaitActivity":"com.*",...
[Appium] Creating new AndroidDriver (v1.37.0) session
[Appium] Capabilities:
[Appium]   app: E:\SCM.apk
[Appium]   appWaitActivity: com.*
[Appium]   autoGrantPermissions: true
[Appium]   deviceId: 
[Appium]   deviceName: samsung GT-I9500 (Android 5.0.1)
[Appium]   fullReset: false
[Appium]   newCommandTimeout: 1800
[Appium]   noReset: true
[Appium]   platform: ANDROID
[Appium]   platformName: android
[Appium]   udid: 4d00c4b5b0a160b9
[BaseDriver] The following capabilities were provided, but are not recognized by appium: deviceId, platform.
[BaseDriver] Session created with session id: 1338afbf-c2ad-4076-9881-8ff108be0c84
[AndroidDriver] Java version is: 1.8.0_102
[ADB] Checking whether adb is present
[ADB] Using adb.exe from C:\Users\bharti.garg\.katalon\tools\android_sdk\platform-tools\adb.exe
[AndroidDriver] Retrieving device list
[AndroidDriver] Using device: 4d00c4b5b0a160b9
[ADB] Checking whether adb is present
[BaseDriver] Using local app 'E:\SCM.apk'
[AndroidDriver] Starting Android session
[AndroidDriver] setDeviceLanguageCountry requires language or country.
[AndroidDriver] Got language: 'null' and country: 'null'
[ADB] Checking whether aapt is present
[ADB] Using aapt.exe from C:\Users\bharti.garg\.katalon\tools\android_sdk\build-tools\28.0.0\aapt.exe
[ADB] Checking whether aapt is present
[ADB] Getting device platform version
[ADB] Checking whether aapt is present
[ADB] Extracting package and launch activity from manifest
[AndroidDriver] Remote apk path is /data/local/tmp/9ac06dd1101d05fe6946311bfac21cb9.apk
[ADB] Checking whether aapt is present
[ADB] Extracting package and launch activity from manifest
[ADB] Cannot kill process 24646 in 1000 ms. Trying to force kill...
[AndroidBootstrap] Android bootstrap socket is now connected
[AndroidDriver] Screen already unlocked, doing nothing
[Appium] New AndroidDriver session created successfully, session 1338afbf-c2ad-4076-9881-8ff108be0c84 added to master session list
[HTTP] <-- POST /wd/hub/session 200 20800 ms - 1059 
[HTTP] --> GET /wd/hub/status {}
[HTTP] <-- GET /wd/hub/status 200 5 ms - 83 
[HTTP] --> POST /wd/hub/session/1338afbf-c2ad-4076-9881-8ff108be0c84/timeouts {"type":"implicit","ms":60000}
[HTTP] <-- POST /wd/hub/session/1338afbf-c2ad-4076-9881-8ff108be0c84/timeouts 200 5 ms - 76 
[HTTP] --> GET /wd/hub/session/1338afbf-c2ad-4076-9881-8ff108be0c84/source {}
[HTTP] <-- GET /wd/hub/session/1338afbf-c2ad-4076-9881-8ff108be0c84/source 200 181 ms - 2777 
[HTTP] --> GET /wd/hub/session/1338afbf-c2ad-4076-9881-8ff108be0c84/screenshot {}
[HTTP] <-- GET /wd/hub/session/1338afbf-c2ad-4076-9881-8ff108be0c84/screenshot 200 1891 ms - 104354 
[HTTP] --> GET /wd/hub/session/1338afbf-c2ad-4076-9881-8ff108be0c84/source {}
[HTTP] <-- GET /wd/hub/session/1338afbf-c2ad-4076-9881-8ff108be0c84/source 200 44 ms - 2777 
[HTTP] --> GET /wd/hub/session/1338afbf-c2ad-4076-9881-8ff108be0c84/screenshot {}
[HTTP] <-- GET /wd/hub/session/1338afbf-c2ad-4076-9881-8ff108be0c84/screenshot 200 1691 ms - 105102 
[HTTP] --> GET /wd/hub/session/1338afbf-c2ad-4076-9881-8ff108be0c84/source {}
[HTTP] <-- GET /wd/hub/session/1338afbf-c2ad-4076-9881-8ff108be0c84/source 200 52 ms - 2746 
[HTTP] --> GET /wd/hub/session/1338afbf-c2ad-4076-9881-8ff108be0c84/screenshot {}
[HTTP] <-- GET /wd/hub/session/1338afbf-c2ad-4076-9881-8ff108be0c84/screenshot 200 1815 ms - 260062 
[HTTP] --> GET /wd/hub/session/1338afbf-c2ad-4076-9881-8ff108be0c84/source {}
[HTTP] <-- GET /wd/hub/session/1338afbf-c2ad-4076-9881-8ff108be0c84/source 200 276 ms - 48748 
[HTTP] --> GET /wd/hub/session/1338afbf-c2ad-4076-9881-8ff108be0c84/screenshot {}
[HTTP] <-- GET /wd/hub/session/1338afbf-c2ad-4076-9881-8ff108be0c84/screenshot 200 1832 ms - 302786 
[HTTP] --> GET /wd/hub/session/1338afbf-c2ad-4076-9881-8ff108be0c84/source {}
[HTTP] <-- GET /wd/hub/session/1338afbf-c2ad-4076-9881-8ff108be0c84/source 200 226 ms - 48748 
[HTTP] --> GET /wd/hub/session/1338afbf-c2ad-4076-9881-8ff108be0c84/screenshot {}
[HTTP] <-- GET /wd/hub/session/1338afbf-c2ad-4076-9881-8ff108be0c84/screenshot 200 2025 ms - 302950 
[HTTP] --> GET /wd/hub/session/1338afbf-c2ad-4076-9881-8ff108be0c84/source {}
[HTTP] <-- GET /wd/hub/session/1338afbf-c2ad-4076-9881-8ff108be0c84/source 200 303 ms - 48748 
[HTTP] --> GET /wd/hub/session/1338afbf-c2ad-4076-9881-8ff108be0c84/screenshot {}
[HTTP] <-- GET /wd/hub/session/1338afbf-c2ad-4076-9881-8ff108be0c84/screenshot 200 1916 ms - 303218 
[HTTP] --> GET /wd/hub/session/1338afbf-c2ad-4076-9881-8ff108be0c84/source {}
[HTTP] <-- GET /wd/hub/session/1338afbf-c2ad-4076-9881-8ff108be0c84/source 200 225 ms - 48748 
[HTTP] --> GET /wd/hub/session/1338afbf-c2ad-4076-9881-8ff108be0c84/screenshot {}
[HTTP] <-- GET /wd/hub/session/1338afbf-c2ad-4076-9881-8ff108be0c84/screenshot 200 2040 ms - 303422 
[HTTP] --> GET /wd/hub/session/1338afbf-c2ad-4076-9881-8ff108be0c84/source {}
[HTTP] <-- GET /wd/hub/session/1338afbf-c2ad-4076-9881-8ff108be0c84/source 200 299 ms - 48748 
[HTTP] --> GET /wd/hub/session/1338afbf-c2ad-4076-9881-8ff108be0c84/screenshot {}
[HTTP] <-- GET /wd/hub/session/1338afbf-c2ad-4076-9881-8ff108be0c84/screenshot 200 2034 ms - 302326 
[HTTP] --> GET /wd/hub/session/1338afbf-c2ad-4076-9881-8ff108be0c84/source {}
[HTTP] <-- GET /wd/hub/session/1338afbf-c2ad-4076-9881-8ff108be0c84/source 200 239 ms - 48748 
[HTTP] --> GET /wd/hub/session/1338afbf-c2ad-4076-9881-8ff108be0c84/screenshot {}
[HTTP] <-- GET /wd/hub/session/1338afbf-c2ad-4076-9881-8ff108be0c84/screenshot 200 1948 ms - 302326 
[HTTP] --> GET /wd/hub/session/1338afbf-c2ad-4076-9881-8ff108be0c84/source {}
[HTTP] <-- GET /wd/hub/session/1338afbf-c2ad-4076-9881-8ff108be0c84/source 200 285 ms - 48748 
[HTTP] --> GET /wd/hub/session/1338afbf-c2ad-4076-9881-8ff108be0c84/screenshot {}
[HTTP] <-- GET /wd/hub/session/1338afbf-c2ad-4076-9881-8ff108be0c84/screenshot 200 1968 ms - 302326 
[HTTP] --> DELETE /wd/hub/session/1338afbf-c2ad-4076-9881-8ff108be0c84 {}
[Appium] Removing session 1338afbf-c2ad-4076-9881-8ff108be0c84 from our master session list
[ADB] No uiautomator process found to kill, continuing...
[HTTP] <-- DELETE /wd/hub/session/1338afbf-c2ad-4076-9881-8ff108be0c84 200 2746 ms - 76 
